1.000: C0 arrived [ ]
1.000: C0 withdrawal $1 begin (by S0 $100 [ ])
1.100: C1 arrived [ ]
1.100: C1 withdrawal $1 begin (by S1 $100 [ ])
1.200: C2 arrived [ ]
1.200: C2 withdrawal $1 begin (by S2 $100 [ ])
1.300: C3 arrived [ ]
1.300: C3 joined counter queue (at S0 $99 [ ])
1.400: C4 arrived [ ]
1.400: C4 joined counter queue (at S1 $99 [ ])
1.500: C5 arrived [ ]
1.500: C5 joined counter queue (at S2 $99 [ ])
1.600: C6 arrived [ ]
1.600: C6 joined counter queue (at S0 $99 [ C3 ])
1.700: C7 arrived [ ]
1.700: C7 joined counter queue (at S1 $99 [ C4 ])
1.800: C8 arrived [ ]
1.800: C8 joined counter queue (at S2 $99 [ C5 ])
1.900: C9 arrived [ ]
1.900: C9 joined bank queue [ ]
2.000: C10 arrived [ C9 ]
2.000: C10 joined bank queue [ C9 ]
2.100: C11 arrived [ C9 C10 ]
2.100: C11 departed
3.000: C0 withdrawal $1 done (by S0 $99 [ C3 C6 ]) success
3.000: C0 departed
3.000: C3 deposit $1 begin (by S0 $99 [ C6 ])
3.010: C9 joined counter queue (at S0 $100 [ C6 ])
3.100: C1 withdrawal $1 done (by S1 $99 [ C4 C7 ]) success
3.100: C1 departed
3.100: C4 withdrawal $1 begin (by S1 $99 [ C7 ])
3.110: C10 joined counter queue (at S1 $98 [ C7 ])
3.200: C2 withdrawal $1 done (by S2 $99 [ C5 C8 ]) success
3.200: C2 departed
3.200: C5 deposit $1 begin (by S2 $99 [ C8 ])
5.000: C3 deposit $1 done (by S0 $100 [ C6 C9 ]) success
5.000: C3 departed
5.000: C6 withdrawal $1 begin (by S0 $100 [ C9 ])
5.100: C4 withdrawal $1 done (by S1 $98 [ C7 C10 ]) success
5.100: C4 departed
5.100: C7 deposit $1 begin (by S1 $98 [ C10 ])
5.200: C5 deposit $1 done (by S2 $100 [ C8 ]) success
5.200: C5 departed
5.200: C8 withdrawal $1 begin (by S2 $100 [ ])
7.000: C6 withdrawal $1 done (by S0 $99 [ C9 ]) success
7.000: C6 departed
7.000: C9 deposit $1 begin (by S0 $99 [ ])
7.100: C7 deposit $1 done (by S1 $99 [ C10 ]) success
7.100: C7 departed
7.100: C10 withdrawal $1 begin (by S1 $99 [ ])
7.200: C8 withdrawal $1 done (by S2 $99 [ ]) success
7.200: C8 departed
9.000: C9 deposit $1 done (by S0 $100 [ ]) success
9.000: C9 departed
9.100: C10 withdrawal $1 done (by S1 $98 [ ]) success
9.100: C10 departed
